2025-04-18 17:49:01.280 | INFO     | src.utils.logging.logger:setup_logging:61 - Logging initialized for key_rotation
2025-04-18 17:49:01.281 | INFO     | __main__:rotate_keys:243 - Starting encryption key rotation
2025-04-18 17:49:01.325 | INFO     | __main__:backup_current_data:90 - Backup created at C:\Users\barat\antbotNew\data\backups\key_rotation_20250418_174901
2025-04-18 17:49:01.330 | INFO     | __main__:generate_new_key:111 - New encryption key generated
2025-04-18 17:49:01.330 | INFO     | __main__:rotate_keys:265 - Dry run - stopping before re-encryption
2025-04-18 17:49:01.331 | INFO     | __main__:rotate_keys:320 - Key rotation metrics updated
2025-04-18 17:49:01.801 | INFO     | src.utils.logging.logger:setup_logging:61 - Logging initialized for key_rotation
2025-04-18 17:49:01.803 | INFO     | __main__:rotate_keys:243 - Starting encryption key rotation
2025-04-18 17:49:01.833 | INFO     | __main__:backup_current_data:90 - Backup created at C:\Users\barat\antbotNew\data\backups\key_rotation_20250418_174901
2025-04-18 17:49:01.846 | ERROR    | __main__:rotate_keys:310 - Key rotation failed: No valid encryption key found. Please set ENCRYPTION_KEY environment variable or create key file.
2025-04-18 17:49:01.846 | ERROR    | __main__:rotate_keys:311 - Please restore from backup or contact system administrator
2025-04-18 17:49:01.847 | INFO     | __main__:rotate_keys:320 - Key rotation metrics updated
2025-04-18 17:49:41.288 | INFO     | src.utils.logging.logger:setup_logging:61 - Logging initialized for key_rotation
2025-04-18 17:49:41.289 | INFO     | __main__:rotate_keys:243 - Starting encryption key rotation
2025-04-18 17:49:41.333 | INFO     | __main__:backup_current_data:90 - Backup created at C:\Users\barat\antbotNew\data\backups\key_rotation_20250418_174941
2025-04-18 17:49:41.334 | ERROR    | __main__:rotate_keys:310 - Key rotation failed: No valid encryption key found. Please set ENCRYPTION_KEY environment variable or create key file.
2025-04-18 17:49:41.335 | ERROR    | __main__:rotate_keys:311 - Please restore from backup or contact system administrator
2025-04-18 17:49:41.335 | INFO     | __main__:rotate_keys:320 - Key rotation metrics updated
2025-04-18 17:49:42.014 | INFO     | src.utils.logging.logger:setup_logging:61 - Logging initialized for key_rotation
2025-04-18 17:49:42.016 | INFO     | __main__:rotate_keys:243 - Starting encryption key rotation
2025-04-18 17:49:42.067 | INFO     | __main__:backup_current_data:90 - Backup created at C:\Users\barat\antbotNew\data\backups\key_rotation_20250418_174942
2025-04-18 17:49:42.068 | ERROR    | __main__:rotate_keys:310 - Key rotation failed: No valid encryption key found. Please set ENCRYPTION_KEY environment variable or create key file.
2025-04-18 17:49:42.069 | ERROR    | __main__:rotate_keys:311 - Please restore from backup or contact system administrator
2025-04-18 17:49:42.069 | INFO     | __main__:rotate_keys:320 - Key rotation metrics updated
