2025-04-17 02:13:39.186 | INFO     | __main__:initialize_colony:54 - Initializing colony with 10.0 SOL
2025-04-17 02:13:39.187 | WARNING  | __main__:todo:10 - TODO: Implement wallet creation
2025-04-17 02:13:39.188 | WARNING  | __main__:todo:10 - TODO: Implement wallet creation
2025-04-17 02:13:39.188 | WARNING  | __main__:todo:10 - TODO: Implement wallet funding
2025-04-17 02:13:39.188 | INFO     | __main__:initialize_colony:69 - Colony initialized successfully
2025-04-17 02:13:39.188 | WARNING  | __main__:todo:10 - TODO: Implement available capital calculation
2025-04-17 02:13:53.255 | INFO     | __main__:initialize_colony:54 - Initializing colony with 10.0 SOL
2025-04-17 02:13:53.256 | WARNING  | __main__:todo:10 - TODO: Implement wallet creation
2025-04-17 02:13:53.258 | WARNING  | __main__:todo:10 - TODO: Implement wallet creation
2025-04-17 02:13:53.258 | WARNING  | __main__:todo:10 - TODO: Implement wallet funding
2025-04-17 02:13:53.259 | INFO     | __main__:initialize_colony:69 - Colony initialized successfully
2025-04-17 02:13:53.259 | WARNING  | __main__:todo:10 - TODO: Implement available capital calculation
2025-04-17 02:13:53.259 | WARNING  | __main__:todo:10 - TODO: Implement capital transfer
2025-04-17 02:13:53.259 | INFO     | __main__:collect_profits:142 - Collected profits: 0.0 SOL
2025-04-17 02:14:45.787 | INFO     | __main__:initialize_colony:54 - Initializing colony with 10.0 SOL
2025-04-17 02:14:45.788 | WARNING  | __main__:todo:10 - TODO: Implement wallet creation
2025-04-17 02:14:45.788 | WARNING  | __main__:todo:10 - TODO: Implement wallet creation
2025-04-17 02:14:45.788 | WARNING  | __main__:todo:10 - TODO: Implement wallet funding
2025-04-17 02:14:45.788 | INFO     | __main__:initialize_colony:69 - Colony initialized successfully
2025-04-17 02:14:45.788 | WARNING  | __main__:todo:10 - TODO: Implement available capital calculation
2025-04-17 02:14:45.789 | WARNING  | __main__:todo:10 - TODO: Implement capital transfer
2025-04-17 02:14:45.789 | INFO     | __main__:collect_profits:142 - Collected profits: 0.0 SOL
2025-04-17 02:17:40.547 | INFO     | __main__:initialize_colony:54 - Initializing colony with 10.0 SOL
2025-04-17 02:17:40.548 | WARNING  | __main__:todo:10 - TODO: Implement wallet creation
2025-04-17 02:17:40.548 | WARNING  | __main__:todo:10 - TODO: Implement wallet creation
2025-04-17 02:17:40.548 | WARNING  | __main__:todo:10 - TODO: Implement wallet funding
2025-04-17 02:17:40.548 | INFO     | __main__:initialize_colony:69 - Colony initialized successfully
2025-04-17 02:17:40.549 | WARNING  | __main__:todo:10 - TODO: Implement available capital calculation
2025-04-17 02:17:40.549 | WARNING  | __main__:todo:10 - TODO: Implement capital transfer
2025-04-17 02:17:40.549 | INFO     | __main__:collect_profits:142 - Collected profits: 0.0 SOL
2025-04-17 02:18:40.560 | WARNING  | __main__:todo:10 - TODO: Implement available capital calculation
2025-04-17 02:18:40.561 | WARNING  | __main__:todo:10 - TODO: Implement capital transfer
2025-04-17 02:18:40.561 | INFO     | __main__:collect_profits:142 - Collected profits: 0.0 SOL
